C:\USERS\DRONEPC04\DOCUMENTS\VISUAL STUDIO 2012\PROJECTS\EVENTTCP\EVENTTCP\DEBUG\MAIN.OBJ
C:\USERS\DRONEPC04\DOCUMENTS\VISUAL STUDIO 2012\PROJECTS\EVENTTCP\EVENTTCP\DEBUG\SOCKET.OBJ
C:\USERS\DRONEPC04\DOCUMENTS\VISUAL STUDIO 2012\PROJECTS\EVENTTCP\EVENTTCP\DEBUG\VC110.PDB
C:\USERS\DRONEPC04\DOCUMENTS\VISUAL STUDIO 2012\PROJECTS\EVENTTCP\DEBUG\EVENTTCP.ILK
C:\USERS\DRONEPC04\DOCUMENTS\VISUAL STUDIO 2012\PROJECTS\EVENTTCP\DEBUG\EVENTTCP.EXE
C:\USERS\DRONEPC04\DOCUMENTS\VISUAL STUDIO 2012\PROJECTS\EVENTTCP\DEBUG\EVENTTCP.PDB
C:\Users\dronepc04\documents\visual studio 2012\Projects\eventTCP\eventTCP\Debug\main.obj
C:\Users\dronepc04\documents\visual studio 2012\Projects\eventTCP\eventTCP\Debug\Socket.obj
C:\Users\dronepc04\documents\visual studio 2012\Projects\eventTCP\eventTCP\Debug\cl.command.1.tlog
C:\Users\dronepc04\documents\visual studio 2012\Projects\eventTCP\eventTCP\Debug\CL.read.1.tlog
C:\Users\dronepc04\documents\visual studio 2012\Projects\eventTCP\eventTCP\Debug\CL.write.1.tlog
C:\Users\dronepc04\documents\visual studio 2012\Projects\eventTCP\eventTCP\Debug\link-cvtres.read.1.tlog
C:\Users\dronepc04\documents\visual studio 2012\Projects\eventTCP\eventTCP\Debug\link-cvtres.write.1.tlog
C:\Users\dronepc04\documents\visual studio 2012\Projects\eventTCP\eventTCP\Debug\link-rc.read.1.tlog
C:\Users\dronepc04\documents\visual studio 2012\Projects\eventTCP\eventTCP\Debug\link-rc.write.1.tlog
C:\Users\dronepc04\documents\visual studio 2012\Projects\eventTCP\eventTCP\Debug\link.command.1.tlog
C:\Users\dronepc04\documents\visual studio 2012\Projects\eventTCP\eventTCP\Debug\link.read.1.tlog
C:\Users\dronepc04\documents\visual studio 2012\Projects\eventTCP\eventTCP\Debug\link.write.1.tlog
C:\Users\dronepc04\documents\visual studio 2012\Projects\eventTCP\eventTCP\Debug\vc110.idb
C:\Users\dronepc04\documents\visual studio 2012\Projects\eventTCP\eventTCP\Debug\vc110.pdb
C:\Users\dronepc04\documents\visual studio 2012\Projects\eventTCP\Debug\eventTCP.pdb
C:\Users\dronepc04\documents\visual studio 2012\Projects\eventTCP\Debug\eventTCP.exe
C:\Users\dronepc04\documents\visual studio 2012\Projects\eventTCP\Debug\eventTCP.ilk
