C:\USERS\DRONEPC04\DOCUMENTS\VISUAL STUDIO 2012\PROJECTS\TCPEVENTSERVERSAMPLE\EVENTTCP\DEBUG\TCPEVENTSERVER.OBJ
C:\USERS\DRONEPC04\DOCUMENTS\VISUAL STUDIO 2012\PROJECTS\TCPEVENTSERVERSAMPLE\EVENTTCP\DEBUG\MAIN.OBJ
C:\USERS\DRONEPC04\DOCUMENTS\VISUAL STUDIO 2012\PROJECTS\TCPEVENTSERVERSAMPLE\EVENTTCP\DEBUG\SOCKET.OBJ
C:\USERS\DRONEPC04\DOCUMENTS\VISUAL STUDIO 2012\PROJECTS\TCPEVENTSERVERSAMPLE\EVENTTCP\DEBUG\VC110.PDB
C:\USERS\DRONEPC04\DOCUMENTS\VISUAL STUDIO 2012\PROJECTS\TCPEVENTSERVERSAMPLE\DEBUG\TCPEVENTSERVERSAMPLE.ILK
C:\USERS\DRONEPC04\DOCUMENTS\VISUAL STUDIO 2012\PROJECTS\TCPEVENTSERVERSAMPLE\DEBUG\TCPEVENTSERVERSAMPLE.EXE
C:\USERS\DRONEPC04\DOCUMENTS\VISUAL STUDIO 2012\PROJECTS\TCPEVENTSERVERSAMPLE\DEBUG\TCPEVENTSERVERSAMPLE.PDB
C:\Users\dronepc04\Documents\GitHub\TCPEvent\TCPEventServerSample\eventTCP\Debug\main.obj
C:\Users\dronepc04\Documents\GitHub\TCPEvent\TCPEventServerSample\eventTCP\Debug\Socket.obj
C:\Users\dronepc04\Documents\GitHub\TCPEvent\TCPEventServerSample\eventTCP\Debug\TCPEventServer.obj
C:\Users\dronepc04\Documents\GitHub\TCPEvent\TCPEventServerSample\eventTCP\Debug\cl.command.1.tlog
C:\Users\dronepc04\Documents\GitHub\TCPEvent\TCPEventServerSample\eventTCP\Debug\CL.read.1.tlog
C:\Users\dronepc04\Documents\GitHub\TCPEvent\TCPEventServerSample\eventTCP\Debug\CL.write.1.tlog
C:\Users\dronepc04\Documents\GitHub\TCPEvent\TCPEventServerSample\eventTCP\Debug\link-cvtres.read.1.tlog
C:\Users\dronepc04\Documents\GitHub\TCPEvent\TCPEventServerSample\eventTCP\Debug\link-cvtres.write.1.tlog
C:\Users\dronepc04\Documents\GitHub\TCPEvent\TCPEventServerSample\eventTCP\Debug\link-rc.read.1.tlog
C:\Users\dronepc04\Documents\GitHub\TCPEvent\TCPEventServerSample\eventTCP\Debug\link-rc.write.1.tlog
C:\Users\dronepc04\Documents\GitHub\TCPEvent\TCPEventServerSample\eventTCP\Debug\link.command.1.tlog
C:\Users\dronepc04\Documents\GitHub\TCPEvent\TCPEventServerSample\eventTCP\Debug\link.read.1.tlog
C:\Users\dronepc04\Documents\GitHub\TCPEvent\TCPEventServerSample\eventTCP\Debug\link.write.1.tlog
C:\Users\dronepc04\Documents\GitHub\TCPEvent\TCPEventServerSample\eventTCP\Debug\vc110.idb
C:\Users\dronepc04\Documents\GitHub\TCPEvent\TCPEventServerSample\eventTCP\Debug\vc110.pdb
C:\Users\dronepc04\Documents\GitHub\TCPEvent\TCPEventServerSample\Debug\TCPEventServerSample.pdb
C:\Users\dronepc04\Documents\GitHub\TCPEvent\TCPEventServerSample\Debug\TCPEventServerSample.exe
C:\Users\dronepc04\Documents\GitHub\TCPEvent\TCPEventServerSample\Debug\TCPEventServerSample.ilk
