C:\USERS\DRONEPC04\DOCUMENTS\VISUAL STUDIO 2012\PROJECTS\TCPCLIENTSAMPLE\TCPCLIENTSAMPLE\DEBUG\SOURCE.OBJ
C:\USERS\DRONEPC04\DOCUMENTS\VISUAL STUDIO 2012\PROJECTS\TCPCLIENTSAMPLE\TCPCLIENTSAMPLE\DEBUG\VC110.PDB
C:\USERS\DRONEPC04\DOCUMENTS\VISUAL STUDIO 2012\PROJECTS\TCPCLIENTSAMPLE\TCPCLIENTSAMPLE\DEBUG\SOCKET.OBJ
C:\USERS\DRONEPC04\DOCUMENTS\VISUAL STUDIO 2012\PROJECTS\TCPCLIENTSAMPLE\TCPCLIENTSAMPLE\DEBUG\TCPEVENTCLIENT.OBJ
C:\USERS\DRONEPC04\DOCUMENTS\VISUAL STUDIO 2012\PROJECTS\TCPCLIENTSAMPLE\DEBUG\TCPCLIENTSAMPLE.ILK
C:\USERS\DRONEPC04\DOCUMENTS\VISUAL STUDIO 2012\PROJECTS\TCPCLIENTSAMPLE\DEBUG\TCPCLIENTSAMPLE.EXE
C:\USERS\DRONEPC04\DOCUMENTS\VISUAL STUDIO 2012\PROJECTS\TCPCLIENTSAMPLE\DEBUG\TCPCLIENTSAMPLE.PDB
C:\Users\dronepc04\documents\visual studio 2012\Projects\TCPClientSample\TCPClientSample\Debug\Socket.obj
C:\Users\dronepc04\documents\visual studio 2012\Projects\TCPClientSample\TCPClientSample\Debug\Source.obj
C:\Users\dronepc04\documents\visual studio 2012\Projects\TCPClientSample\TCPClientSample\Debug\TCPEventClient.obj
C:\Users\dronepc04\documents\visual studio 2012\Projects\TCPClientSample\TCPClientSample\Debug\cl.command.1.tlog
C:\Users\dronepc04\documents\visual studio 2012\Projects\TCPClientSample\TCPClientSample\Debug\CL.read.1.tlog
C:\Users\dronepc04\documents\visual studio 2012\Projects\TCPClientSample\TCPClientSample\Debug\CL.write.1.tlog
C:\Users\dronepc04\documents\visual studio 2012\Projects\TCPClientSample\TCPClientSample\Debug\link-cvtres.read.1.tlog
C:\Users\dronepc04\documents\visual studio 2012\Projects\TCPClientSample\TCPClientSample\Debug\link-cvtres.write.1.tlog
C:\Users\dronepc04\documents\visual studio 2012\Projects\TCPClientSample\TCPClientSample\Debug\link-rc.read.1.tlog
C:\Users\dronepc04\documents\visual studio 2012\Projects\TCPClientSample\TCPClientSample\Debug\link-rc.write.1.tlog
C:\Users\dronepc04\documents\visual studio 2012\Projects\TCPClientSample\TCPClientSample\Debug\link.1556-cvtres.read.1.tlog
C:\Users\dronepc04\documents\visual studio 2012\Projects\TCPClientSample\TCPClientSample\Debug\link.1556-cvtres.write.1.tlog
C:\Users\dronepc04\documents\visual studio 2012\Projects\TCPClientSample\TCPClientSample\Debug\link.1556-rc.read.1.tlog
C:\Users\dronepc04\documents\visual studio 2012\Projects\TCPClientSample\TCPClientSample\Debug\link.1556-rc.write.1.tlog
C:\Users\dronepc04\documents\visual studio 2012\Projects\TCPClientSample\TCPClientSample\Debug\link.1556.read.1.tlog
C:\Users\dronepc04\documents\visual studio 2012\Projects\TCPClientSample\TCPClientSample\Debug\link.1556.write.1.tlog
C:\Users\dronepc04\documents\visual studio 2012\Projects\TCPClientSample\TCPClientSample\Debug\link.2840-cvtres.read.1.tlog
C:\Users\dronepc04\documents\visual studio 2012\Projects\TCPClientSample\TCPClientSample\Debug\link.2840-cvtres.write.1.tlog
C:\Users\dronepc04\documents\visual studio 2012\Projects\TCPClientSample\TCPClientSample\Debug\link.2840-rc.read.1.tlog
C:\Users\dronepc04\documents\visual studio 2012\Projects\TCPClientSample\TCPClientSample\Debug\link.2840-rc.write.1.tlog
C:\Users\dronepc04\documents\visual studio 2012\Projects\TCPClientSample\TCPClientSample\Debug\link.2840.read.1.tlog
C:\Users\dronepc04\documents\visual studio 2012\Projects\TCPClientSample\TCPClientSample\Debug\link.2840.write.1.tlog
C:\Users\dronepc04\documents\visual studio 2012\Projects\TCPClientSample\TCPClientSample\Debug\link.3696-cvtres.read.1.tlog
C:\Users\dronepc04\documents\visual studio 2012\Projects\TCPClientSample\TCPClientSample\Debug\link.3696-cvtres.write.1.tlog
C:\Users\dronepc04\documents\visual studio 2012\Projects\TCPClientSample\TCPClientSample\Debug\link.3696-rc.read.1.tlog
C:\Users\dronepc04\documents\visual studio 2012\Projects\TCPClientSample\TCPClientSample\Debug\link.3696-rc.write.1.tlog
C:\Users\dronepc04\documents\visual studio 2012\Projects\TCPClientSample\TCPClientSample\Debug\link.3696.read.1.tlog
C:\Users\dronepc04\documents\visual studio 2012\Projects\TCPClientSample\TCPClientSample\Debug\link.3696.write.1.tlog
C:\Users\dronepc04\documents\visual studio 2012\Projects\TCPClientSample\TCPClientSample\Debug\link.5336-cvtres.read.1.tlog
C:\Users\dronepc04\documents\visual studio 2012\Projects\TCPClientSample\TCPClientSample\Debug\link.5336-cvtres.write.1.tlog
C:\Users\dronepc04\documents\visual studio 2012\Projects\TCPClientSample\TCPClientSample\Debug\link.5336-rc.read.1.tlog
C:\Users\dronepc04\documents\visual studio 2012\Projects\TCPClientSample\TCPClientSample\Debug\link.5336-rc.write.1.tlog
C:\Users\dronepc04\documents\visual studio 2012\Projects\TCPClientSample\TCPClientSample\Debug\link.5336.read.1.tlog
C:\Users\dronepc04\documents\visual studio 2012\Projects\TCPClientSample\TCPClientSample\Debug\link.5336.write.1.tlog
C:\Users\dronepc04\documents\visual studio 2012\Projects\TCPClientSample\TCPClientSample\Debug\link.command.1.tlog
C:\Users\dronepc04\documents\visual studio 2012\Projects\TCPClientSample\TCPClientSample\Debug\link.read.1.tlog
C:\Users\dronepc04\documents\visual studio 2012\Projects\TCPClientSample\TCPClientSample\Debug\link.write.1.tlog
C:\Users\dronepc04\documents\visual studio 2012\Projects\TCPClientSample\TCPClientSample\Debug\vc110.idb
C:\Users\dronepc04\documents\visual studio 2012\Projects\TCPClientSample\TCPClientSample\Debug\vc110.pdb
C:\Users\dronepc04\documents\visual studio 2012\Projects\TCPClientSample\Debug\TCPClientSample.pdb
C:\Users\dronepc04\documents\visual studio 2012\Projects\TCPClientSample\Debug\TCPClientSample.exe
C:\Users\dronepc04\documents\visual studio 2012\Projects\TCPClientSample\Debug\TCPClientSample.ilk
