C:\USERS\DRONEPC04\DOCUMENTS\VISUAL STUDIO 2012\PROJECTS\TCPEVENTCLIENTSAMPLE\TCPCLIENTSAMPLE\DEBUG\SOCKET.OBJ
C:\USERS\DRONEPC04\DOCUMENTS\VISUAL STUDIO 2012\PROJECTS\TCPEVENTCLIENTSAMPLE\TCPCLIENTSAMPLE\DEBUG\SOURCE.OBJ
C:\USERS\DRONEPC04\DOCUMENTS\VISUAL STUDIO 2012\PROJECTS\TCPEVENTCLIENTSAMPLE\TCPCLIENTSAMPLE\DEBUG\TCPEVENTCLIENT.OBJ
C:\USERS\DRONEPC04\DOCUMENTS\VISUAL STUDIO 2012\PROJECTS\TCPEVENTCLIENTSAMPLE\TCPCLIENTSAMPLE\DEBUG\VC110.PDB
C:\USERS\DRONEPC04\DOCUMENTS\VISUAL STUDIO 2012\PROJECTS\TCPEVENTCLIENTSAMPLE\DEBUG\TCPEVENTCLIENTSAMPLE.ILK
C:\USERS\DRONEPC04\DOCUMENTS\VISUAL STUDIO 2012\PROJECTS\TCPEVENTCLIENTSAMPLE\DEBUG\TCPEVENTCLIENTSAMPLE.EXE
C:\USERS\DRONEPC04\DOCUMENTS\VISUAL STUDIO 2012\PROJECTS\TCPEVENTCLIENTSAMPLE\DEBUG\TCPEVENTCLIENTSAMPLE.PDB
C:\Users\dronepc04\Documents\GitHub\TCPEvent\TCPEventClientSample\TCPClientSample\Debug\Socket.obj
C:\Users\dronepc04\Documents\GitHub\TCPEvent\TCPEventClientSample\TCPClientSample\Debug\Source.obj
C:\Users\dronepc04\Documents\GitHub\TCPEvent\TCPEventClientSample\TCPClientSample\Debug\TCPEventClient.obj
C:\Users\dronepc04\Documents\GitHub\TCPEvent\TCPEventClientSample\TCPClientSample\Debug\cl.command.1.tlog
C:\Users\dronepc04\Documents\GitHub\TCPEvent\TCPEventClientSample\TCPClientSample\Debug\CL.read.1.tlog
C:\Users\dronepc04\Documents\GitHub\TCPEvent\TCPEventClientSample\TCPClientSample\Debug\CL.write.1.tlog
C:\Users\dronepc04\Documents\GitHub\TCPEvent\TCPEventClientSample\TCPClientSample\Debug\link-cvtres.read.1.tlog
C:\Users\dronepc04\Documents\GitHub\TCPEvent\TCPEventClientSample\TCPClientSample\Debug\link-cvtres.write.1.tlog
C:\Users\dronepc04\Documents\GitHub\TCPEvent\TCPEventClientSample\TCPClientSample\Debug\link-rc.read.1.tlog
C:\Users\dronepc04\Documents\GitHub\TCPEvent\TCPEventClientSample\TCPClientSample\Debug\link-rc.write.1.tlog
C:\Users\dronepc04\Documents\GitHub\TCPEvent\TCPEventClientSample\TCPClientSample\Debug\link.command.1.tlog
C:\Users\dronepc04\Documents\GitHub\TCPEvent\TCPEventClientSample\TCPClientSample\Debug\link.read.1.tlog
C:\Users\dronepc04\Documents\GitHub\TCPEvent\TCPEventClientSample\TCPClientSample\Debug\link.write.1.tlog
C:\Users\dronepc04\Documents\GitHub\TCPEvent\TCPEventClientSample\TCPClientSample\Debug\vc110.idb
C:\Users\dronepc04\Documents\GitHub\TCPEvent\TCPEventClientSample\TCPClientSample\Debug\vc110.pdb
C:\Users\dronepc04\Documents\GitHub\TCPEvent\TCPEventClientSample\Debug\TCPEventClientSample.pdb
C:\Users\dronepc04\Documents\GitHub\TCPEvent\TCPEventClientSample\Debug\TCPEventClientSample.exe
C:\Users\dronepc04\Documents\GitHub\TCPEvent\TCPEventClientSample\Debug\TCPEventClientSample.ilk
